<?xml version="1.0" encoding="UTF-8"?>
<testng-results skipped="0" failed="0" total="1" passed="1">
  <reporter-output>
  </reporter-output>
  <suite name="Default suite" duration-ms="14472" started-at="2017-07-19T10:39:55Z" finished-at="2017-07-19T10:40:09Z">
    <groups>
    </groups>
    <test name="Default test" duration-ms="14472" started-at="2017-07-19T10:39:55Z" finished-at="2017-07-19T10:40:09Z">
      <class name="test.NextStepTest">
        <test-method status="PASS" signature="setup()[pri:0, instance:test.NextStepTest@77caeb3e]" name="setup" is-config="true" duration-ms="13069" started-at="2017-07-19T18:39:55Z" finished-at="2017-07-19T18:40:08Z">
          <reporter-output>
          </reporter-output>
        </test-method> <!-- setup -->
        <test-method status="PASS" signature="register()[pri:1, instance:test.NextStepTest@77caeb3e]" name="register" duration-ms="22" started-at="2017-07-19T18:40:08Z" finished-at="2017-07-19T18:40:08Z">
          <reporter-output>
          </reporter-output>
        </test-method> <!-- register -->
        <test-method status="PASS" signature="closeBrowser()[pri:0, instance:test.NextStepTest@77caeb3e]" name="closeBrowser" is-config="true" duration-ms="1354" started-at="2017-07-19T18:40:08Z" finished-at="2017-07-19T18:40:09Z">
          <reporter-output>
          </reporter-output>
        </test-method> <!-- closeBrowser -->
      </class> <!-- test.NextStepTest -->
    </test> <!-- Default test -->
  </suite> <!-- Default suite -->
</testng-results>
